<?xml version="1.0" encoding="UTF-8"?>
<testsuite xmlns:xsi="http://www.w3.org/2001/XMLSchema-instance" xsi:schemaLocation="https://maven.apache.org/surefire/maven-surefire-plugin/xsd/surefire-test-report.xsd" name="runners.TeckroCucumberTest" time="0.003" tests="1" errors="1" skipped="0" failures="0">
  <properties>
[...]
</properties>
  <testcase name="initializationError" classname="runners.TeckroCucumberTest" time="0.002">
    <error message="Feature not found: classpath:cucumber-feature/TeckroCucumber.feature" type="java.lang.IllegalArgumentException">java.lang.IllegalArgumentException: Feature not found: classpath:cucumber-feature/TeckroCucumber.feature
</error>
  </testcase>
</testsuite>